Unity Editor version:    2020.3.22f1 (e1a7f79fd887)
Branch:                  2020.3/staging
Build type:              Release
Batch mode:              YES
macOS version:           Version 11.6.1 (Build 20G224)
Darwin version:          20.6.0
Architecture:            x86_64
Running under Rosetta:   NO
Available memory:        16384 MB
Using pre-set license
Pro License: NO

COMMAND LINE ARGUMENTS:
/Applications/Unity/Hub/Editor/2020.3.22f1/Unity.app/Contents/MacOS/Unity
-adb2
-batchMode
-noUpm
-name
AssetImportWorker23
-projectPath
/Users/manulaudamcarvalho/Projects/GameOff2021_Bug/DeathBug
-logFile
Logs/AssetImportWorker23.log
-srvPort
49410
Successfully changed project path to: /Users/manulaudamcarvalho/Projects/GameOff2021_Bug/DeathBug
/Users/manulaudamcarvalho/Projects/GameOff2021_Bug/DeathBug
Using Asset Import Pipeline V2.
Refreshing native plugins compatible for Editor in 615.21 ms, found 3 plugins.
Preloading 0 native plugins for Editor in 0.00 ms.
Initialize engine version: 2020.3.22f1 (e1a7f79fd887)
[Subsystems] Discovering subsystems at path /Applications/Unity/Hub/Editor/2020.3.22f1/Unity.app/Contents/Resources/UnitySubsystems
[Subsystems] Discovering subsystems at path /Users/manulaudamcarvalho/Projects/GameOff2021_Bug/DeathBug/Assets
GfxDevice: creating device client; threaded=0
2021-11-27 16:27:20.972 Unity[1785:27985] BenQ G2255 preferred device: Intel Iris Graphics (low power)
2021-11-27 16:27:20.972 Unity[1785:27985] Metal devices available: 1
2021-11-27 16:27:20.972 Unity[1785:27985] 0: Intel Iris Graphics (low power)
2021-11-27 16:27:20.973 Unity[1785:27985] Using device Intel Iris Graphics (low power)
Initializing Metal device caps: Intel Iris Graphics
Initialize mono
Mono path[0] = '/Applications/Unity/Hub/Editor/2020.3.22f1/Unity.app/Contents/Managed'
Mono path[1] = '/Applications/Unity/Hub/Editor/2020.3.22f1/Unity.app/Contents/MonoBleedingEdge/lib/mono/unityjit'
Mono config path = '/Applications/Unity/Hub/Editor/2020.3.22f1/Unity.app/Contents/MonoBleedingEdge/etc'
Using monoOptions --debugger-agent=transport=dt_socket,embedding=1,server=y,suspend=n,address=127.0.0.1:56785
Begin MonoManager ReloadAssembly
Registering precompiled unity dll's ...
Register platform support module: /Applications/Unity/Hub/Editor/2020.3.22f1/Unity.app/Contents/PlaybackEngines/MacStandaloneSupport/UnityEditor.OSXStandalone.Extensions.dll
Registered in 0.007149 seconds.
Native extension for OSXStandalone target not found
Refreshing native plugins compatible for Editor in 467.20 ms, found 3 plugins.
Preloading 0 native plugins for Editor in 0.00 ms.
